Traceback (most recent call last):
  File "./scripts/train.py", line 15, in <module>
    from training.coach import Coach
  File "./training/coach.py", line 22, in <module>
    from models.psp import pSp
  File "./models/psp.py", line 6, in <module>
    from models.encoders import psp_encoders
  File "./models/encoders/psp_encoders.py", line 8, in <module>
    from models.stylegan2.model import EqualLinear,ScaledLeakyReLU,EqualConv2d
  File "./models/stylegan2/model.py", line 7, in <module>
    from models.stylegan2.op import FusedLeakyReLU, fused_leaky_relu, upfirdn2d
  File "./models/stylegan2/op/__init__.py", line 1, in <module>
    from .fused_act import FusedLeakyReLU, fused_leaky_relu
  File "./models/stylegan2/op/fused_act.py", line 13, in <module>
    os.path.join(module_path, 'fused_bias_act_kernel.cu'),
  File "/home/jrq/anaconda3/envs/HFGI/lib/python3.7/site-packages/torch/utils/cpp_extension.py", line 1296, in load
    keep_intermediates=keep_intermediates)
  File "/home/jrq/anaconda3/envs/HFGI/lib/python3.7/site-packages/torch/utils/cpp_extension.py", line 1518, in _jit_compile
    is_standalone=is_standalone)
  File "/home/jrq/anaconda3/envs/HFGI/lib/python3.7/site-packages/torch/utils/cpp_extension.py", line 1626, in _write_ninja_file_and_build_library
    error_prefix=f"Error building extension '{name}'")
  File "/home/jrq/anaconda3/envs/HFGI/lib/python3.7/site-packages/torch/utils/cpp_extension.py", line 1906, in _run_ninja_build
    env=env)
  File "/home/jrq/anaconda3/envs/HFGI/lib/python3.7/subprocess.py", line 490, in run
    stdout, stderr = process.communicate(input, timeout=timeout)
  File "/home/jrq/anaconda3/envs/HFGI/lib/python3.7/subprocess.py", line 951, in communicate
    stdout = self.stdout.read()
KeyboardInterrupt
